<?xml version="1.0" encoding="UTF-8"?>
<!-- Generated by org.testng.reporters.JUnitXMLReporter -->
<testsuite hostname="DESKTOP-8586O9J" ignored="0" name="Test" tests="1" failures="1" timestamp="2020-11-22T16:09:34 IST" time="39.065" errors="0">
  <testcase name="loginTest" time="3.286" classname="com.inetbanking.testCases.TC_LoginTest_001N">
    <failure type="java.lang.AssertionError" message="expected [true] but found [false]">
      <![CDATA[java.lang.AssertionError: expected [true] but found [false]
at com.inetbanking.testCases.TC_LoginTest_001N.loginTest(TC_LoginTest_001N.java:28)
at java.util.ArrayList.forEach(Unknown Source)
... Removed 31 stack frames]]>
    </failure>
  </testcase> <!-- loginTest -->
</testsuite> <!-- Test -->
